2025-04-04 11:46:30.077579 - Received CBT.V508.FILE559.PDS from FILE559.XMI 
2025-04-04 11:46:30.082577 - Found $$$#DATE.txt (text/plain) in CBT.V508.FILE559.PDS, moved to PDS/$$$#DATE
2025-04-04 11:46:30.082738 - Found $$README.js (application/javascript) in CBT.V508.FILE559.PDS, moved to PDS/$$README
2025-04-04 11:46:30.082906 - Found $BRAKETS.txt (text/plain) in CBT.V508.FILE559.PDS, moved to PDS/$BRAKETS
2025-04-04 11:46:30.083041 - Found $SAMPJC$.jcl (text/plain) in CBT.V508.FILE559.PDS, moved to PDS/$SAMPJC$
2025-04-04 11:46:30.083234 - Found $SAMPJCL.txt (text/plain) in CBT.V508.FILE559.PDS, moved to PDS/$SAMPJCL
2025-04-04 11:46:30.083377 - Found $SAMPSR$.jcl (text/plain) in CBT.V508.FILE559.PDS, moved to PDS/$SAMPSR$
2025-04-04 11:46:30.083580 - Found $SAMPSRC.c (text/x-c) in CBT.V508.FILE559.PDS, moved to PDS/$SAMPSRC
2025-04-04 11:46:30.083708 - Found @FILE559.txt (text/plain) in CBT.V508.FILE559.PDS, moved to PDS/@FILE559
2025-04-04 11:46:30.083889 - Found ABAL.c (text/x-c) in CBT.V508.FILE559.PDS, moved to PDS/ABAL
2025-04-04 11:46:30.084055 - Found BLDFUNCD.c (text/x-c) in CBT.V508.FILE559.PDS, moved to PDS/BLDFUNCD
2025-04-04 11:46:30.084186 - Found CALENDAR.c (text/x-c) in CBT.V508.FILE559.PDS, moved to PDS/CALENDAR
2025-04-04 11:46:30.084322 - Found CALLBIN.c (text/x-c) in CBT.V508.FILE559.PDS, moved to PDS/CALLBIN
2025-04-04 11:46:30.084450 - Found CAPACITR.c (text/x-c) in CBT.V508.FILE559.PDS, moved to PDS/CAPACITR
2025-04-04 11:46:30.084586 - Found CBC3GDC4.c (text/x-c) in CBT.V508.FILE559.PDS, moved to PDS/CBC3GDC4
2025-04-04 11:46:30.084705 - Found CFUNC.txt (text/plain) in CBT.V508.FILE559.PDS, moved to PDS/CFUNC
2025-04-04 11:46:30.084827 - Found CHARCNTF.c (text/x-c) in CBT.V508.FILE559.PDS, moved to PDS/CHARCNTF
2025-04-04 11:46:30.085079 - Found CHARDEL.c (text/x-c) in CBT.V508.FILE559.PDS, moved to PDS/CHARDEL
2025-04-04 11:46:30.085392 - Found CHECK2.c (text/x-c) in CBT.V508.FILE559.PDS, moved to PDS/CHECK2
2025-04-04 11:46:30.085555 - Found CHILD.c (text/x-c) in CBT.V508.FILE559.PDS, moved to PDS/CHILD
2025-04-04 11:46:30.085702 - Found CHKGRADE.c (text/x-c) in CBT.V508.FILE559.PDS, moved to PDS/CHKGRADE
2025-04-04 11:46:30.085846 - Found CHK50GRD.c (text/x-c) in CBT.V508.FILE559.PDS, moved to PDS/CHK50GRD
2025-04-04 11:46:30.085979 - Found CIRCLE.c (text/x-c) in CBT.V508.FILE559.PDS, moved to PDS/CIRCLE
2025-04-04 11:46:30.086101 - Found CMPRFILE.c (text/x-c) in CBT.V508.FILE559.PDS, moved to PDS/CMPRFILE
2025-04-04 11:46:30.086225 - Found COILIND.c (text/x-c) in CBT.V508.FILE559.PDS, moved to PDS/COILIND
2025-04-04 11:46:30.086370 - Found COMADLM.bin (application/octet-stream) in CBT.V508.FILE559.PDS, moved to PDS/COMADLM
2025-04-04 11:46:30.086503 - Found COMPLEX.c (text/x-c) in CBT.V508.FILE559.PDS, moved to PDS/COMPLEX
2025-04-04 11:46:30.086635 - Found CONV.c (text/x-c) in CBT.V508.FILE559.PDS, moved to PDS/CONV
2025-04-04 11:46:30.086782 - Found COPYCNT.c (text/x-c) in CBT.V508.FILE559.PDS, moved to PDS/COPYCNT
2025-04-04 11:46:30.086921 - Found COPYNEW.c (text/x-c) in CBT.V508.FILE559.PDS, moved to PDS/COPYNEW
2025-04-04 11:46:30.087054 - Found COPYSOME.c (text/x-c) in CBT.V508.FILE559.PDS, moved to PDS/COPYSOME
2025-04-04 11:46:30.087183 - Found COPYSUBR.c (text/x-c) in CBT.V508.FILE559.PDS, moved to PDS/COPYSUBR
2025-04-04 11:46:30.087314 - Found COPYTO.c (text/x-c) in CBT.V508.FILE559.PDS, moved to PDS/COPYTO
2025-04-04 11:46:30.087442 - Found COPY2TO.c (text/x-c) in CBT.V508.FILE559.PDS, moved to PDS/COPY2TO
2025-04-04 11:46:30.087567 - Found COUNTBYT.c (text/x-c) in CBT.V508.FILE559.PDS, moved to PDS/COUNTBYT
2025-04-04 11:46:30.087690 - Found COUNTBY0.c (text/x-c) in CBT.V508.FILE559.PDS, moved to PDS/COUNTBY0
2025-04-04 11:46:30.087836 - Found CPUTYPE.txt (text/plain) in CBT.V508.FILE559.PDS, moved to PDS/CPUTYPE
2025-04-04 11:46:30.088143 - Found CREATEPR.c (text/x-c) in CBT.V508.FILE559.PDS, moved to PDS/CREATEPR
2025-04-04 11:46:30.088582 - Found CREATPRV.c (text/x-c) in CBT.V508.FILE559.PDS, moved to PDS/CREATPRV
2025-04-04 11:46:30.088764 - Found CREATSUB.c (text/x-c) in CBT.V508.FILE559.PDS, moved to PDS/CREATSUB
2025-04-04 11:46:30.088910 - Found CSECMCH2.c (text/x-c) in CBT.V508.FILE559.PDS, moved to PDS/CSECMCH2
2025-04-04 11:46:30.089033 - Found C2COMPCK.txt (text/plain) in CBT.V508.FILE559.PDS, moved to PDS/C2COMPCK
2025-04-04 11:46:30.089162 - Found DATECALC.c (text/x-c) in CBT.V508.FILE559.PDS, moved to PDS/DATECALC
2025-04-04 11:46:30.089310 - Found DAYJAN1.c (text/x-c) in CBT.V508.FILE559.PDS, moved to PDS/DAYJAN1
2025-04-04 11:46:30.089440 - Found DAYRPT.txt (text/plain) in CBT.V508.FILE559.PDS, moved to PDS/DAYRPT
2025-04-04 11:46:30.089563 - Found DAYWEEK.c (text/x-c) in CBT.V508.FILE559.PDS, moved to PDS/DAYWEEK
2025-04-04 11:46:30.089688 - Found DDIR.c (text/x-c) in CBT.V508.FILE559.PDS, moved to PDS/DDIR
2025-04-04 11:46:30.089806 - Found DEPRECPT.c (text/x-c) in CBT.V508.FILE559.PDS, moved to PDS/DEPRECPT
2025-04-04 11:46:30.089951 - Found DIRSEL.c (text/x-c) in CBT.V508.FILE559.PDS, moved to PDS/DIRSEL
2025-04-04 11:46:30.090093 - Found DIRSIZE.c (text/x-c) in CBT.V508.FILE559.PDS, moved to PDS/DIRSIZE
2025-04-04 11:46:30.090416 - Found DIVIDE.c (text/x-c) in CBT.V508.FILE559.PDS, moved to PDS/DIVIDE
2025-04-04 11:46:30.090613 - Found DOWNLOAD.c (text/x-c) in CBT.V508.FILE559.PDS, moved to PDS/DOWNLOAD
2025-04-04 11:46:30.090822 - Found DROPCR.c (text/x-c) in CBT.V508.FILE559.PDS, moved to PDS/DROPCR
2025-04-04 11:46:30.091060 - Found DUMPHEX.c (text/x-c) in CBT.V508.FILE559.PDS, moved to PDS/DUMPHEX
2025-04-04 11:46:30.091218 - Found EASTER.c (text/x-c) in CBT.V508.FILE559.PDS, moved to PDS/EASTER
2025-04-04 11:46:30.091366 - Found EDGEFIND.txt (text/plain) in CBT.V508.FILE559.PDS, moved to PDS/EDGEFIND
2025-04-04 11:46:30.091518 - Found EDGESTRP.txt (text/plain) in CBT.V508.FILE559.PDS, moved to PDS/EDGESTRP
2025-04-04 11:46:30.091670 - Found EDGEVSCB.txt (text/plain) in CBT.V508.FILE559.PDS, moved to PDS/EDGEVSCB
2025-04-04 11:46:30.091826 - Found EDIT.txt (text/plain) in CBT.V508.FILE559.PDS, moved to PDS/EDIT
2025-04-04 11:46:30.091962 - Found EDIT2.c (text/x-c) in CBT.V508.FILE559.PDS, moved to PDS/EDIT2
2025-04-04 11:46:30.092092 - Found EMPEROR.c (text/x-c) in CBT.V508.FILE559.PDS, moved to PDS/EMPEROR
2025-04-04 11:46:30.092229 - Found ENDCKDUP.c (text/x-c) in CBT.V508.FILE559.PDS, moved to PDS/ENDCKDUP
2025-04-04 11:46:30.092421 - Found ENDVELMT.c (text/x-c) in CBT.V508.FILE559.PDS, moved to PDS/ENDVELMT
2025-04-04 11:46:30.092558 - Found ENDVPGLS.c (text/x-c) in CBT.V508.FILE559.PDS, moved to PDS/ENDVPGLS
2025-04-04 11:46:30.092686 - Found ENDVRTVL.c (text/x-c) in CBT.V508.FILE559.PDS, moved to PDS/ENDVRTVL
2025-04-04 11:46:30.092816 - Found ENDVRTV2.c (text/x-c) in CBT.V508.FILE559.PDS, moved to PDS/ENDVRTV2
2025-04-04 11:46:30.092942 - Found ENDVXPND.c (text/x-c) in CBT.V508.FILE559.PDS, moved to PDS/ENDVXPND
2025-04-04 11:46:30.093059 - Found ENUM.c (text/x-c) in CBT.V508.FILE559.PDS, moved to PDS/ENUM
2025-04-04 11:46:30.093179 - Found FAHRCENT.c (text/x-c) in CBT.V508.FILE559.PDS, moved to PDS/FAHRCENT
2025-04-04 11:46:30.093312 - Found FIND.c (text/x-c) in CBT.V508.FILE559.PDS, moved to PDS/FIND
2025-04-04 11:46:30.093440 - Found FUNKEY.c (text/x-c) in CBT.V508.FILE559.PDS, moved to PDS/FUNKEY
2025-04-04 11:46:30.093576 - Found GENLDATE.c (text/x-c) in CBT.V508.FILE559.PDS, moved to PDS/GENLDATE
2025-04-04 11:46:30.093692 - Found GENLDAT0.txt (text/plain) in CBT.V508.FILE559.PDS, moved to PDS/GENLDAT0
2025-04-04 11:46:30.093812 - Found GENLDAT2.txt (text/plain) in CBT.V508.FILE559.PDS, moved to PDS/GENLDAT2
2025-04-04 11:46:30.093930 - Found GETENTR.txt (text/plain) in CBT.V508.FILE559.PDS, moved to PDS/GETENTR
2025-04-04 11:46:30.094065 - Found GETWORDS.c (text/x-c) in CBT.V508.FILE559.PDS, moved to PDS/GETWORDS
2025-04-04 11:46:30.094191 - Found HANGMAN.c (text/x-c) in CBT.V508.FILE559.PDS, moved to PDS/HANGMAN
2025-04-04 11:46:30.094332 - Found HELLO.c (text/x-c) in CBT.V508.FILE559.PDS, moved to PDS/HELLO
2025-04-04 11:46:30.094518 - Found HEXDUMP.c (text/x-c) in CBT.V508.FILE559.PDS, moved to PDS/HEXDUMP
2025-04-04 11:46:30.094655 - Found HOPKINS.c (text/x-c) in CBT.V508.FILE559.PDS, moved to PDS/HOPKINS
2025-04-04 11:46:30.094786 - Found IBMDUMP.c (text/x-c) in CBT.V508.FILE559.PDS, moved to PDS/IBMDUMP
2025-04-04 11:46:30.094899 - Found JUMPTAB.txt (text/plain) in CBT.V508.FILE559.PDS, moved to PDS/JUMPTAB
2025-04-04 11:46:30.095376 - Found JUMPTAB2.txt (text/plain) in CBT.V508.FILE559.PDS, moved to PDS/JUMPTAB2
2025-04-04 11:46:30.095521 - Found KBDTEST.c (text/x-c) in CBT.V508.FILE559.PDS, moved to PDS/KBDTEST
2025-04-04 11:46:30.095677 - Found LITRLS.txt (text/plain) in CBT.V508.FILE559.PDS, moved to PDS/LITRLS
2025-04-04 11:46:30.095799 - Found MAKETST.c (text/x-c) in CBT.V508.FILE559.PDS, moved to PDS/MAKETST
2025-04-04 11:46:30.096035 - Found MEASURE.c (text/x-c) in CBT.V508.FILE559.PDS, moved to PDS/MEASURE
2025-04-04 11:46:30.096195 - Found MEMSIZE.c (text/x-c) in CBT.V508.FILE559.PDS, moved to PDS/MEMSIZE
2025-04-04 11:46:30.096333 - Found MEMSIZE0.c (text/x-c) in CBT.V508.FILE559.PDS, moved to PDS/MEMSIZE0
2025-04-04 11:46:30.096463 - Found MOFN.c (text/x-c) in CBT.V508.FILE559.PDS, moved to PDS/MOFN
2025-04-04 11:46:30.096606 - Found MOFN2.c (text/x-c) in CBT.V508.FILE559.PDS, moved to PDS/MOFN2
2025-04-04 11:46:30.096745 - Found MOVSTRU.c (text/x-c) in CBT.V508.FILE559.PDS, moved to PDS/MOVSTRU
2025-04-04 11:46:30.096888 - Found MRECC.txt (text/plain) in CBT.V508.FILE559.PDS, moved to PDS/MRECC
2025-04-04 11:46:30.097027 - Found MSASMMOD.txt (text/plain) in CBT.V508.FILE559.PDS, moved to PDS/MSASMMOD
2025-04-04 11:46:30.097149 - Found MSMCHMOD.txt (text/plain) in CBT.V508.FILE559.PDS, moved to PDS/MSMCHMOD
2025-04-04 11:46:30.097288 - Found MVSTRUC.c (text/x-c) in CBT.V508.FILE559.PDS, moved to PDS/MVSTRUC
2025-04-04 11:46:30.097405 - Found NETPAY.c (text/x-c) in CBT.V508.FILE559.PDS, moved to PDS/NETPAY
2025-04-04 11:46:30.097534 - Found NOTRLBK.c (text/x-c) in CBT.V508.FILE559.PDS, moved to PDS/NOTRLBK
2025-04-04 11:46:30.097664 - Found PASSADDR.c (text/x-c) in CBT.V508.FILE559.PDS, moved to PDS/PASSADDR
2025-04-04 11:46:30.097800 - Found PRIME.c (text/x-c) in CBT.V508.FILE559.PDS, moved to PDS/PRIME
2025-04-04 11:46:30.097941 - Found PRIMES.c (text/x-c) in CBT.V508.FILE559.PDS, moved to PDS/PRIMES
2025-04-04 11:46:30.098057 - Found PRINT.c (text/x-c) in CBT.V508.FILE559.PDS, moved to PDS/PRINT
2025-04-04 11:46:30.098171 - Found PRINTALL.c (text/x-c) in CBT.V508.FILE559.PDS, moved to PDS/PRINTALL
2025-04-04 11:46:30.098287 - Found PRNFIL.txt (text/plain) in CBT.V508.FILE559.PDS, moved to PDS/PRNFIL
2025-04-04 11:46:30.098408 - Found PRTEXACT.c (text/x-c) in CBT.V508.FILE559.PDS, moved to PDS/PRTEXACT
2025-04-04 11:46:30.098569 - Found PRVINIT.c (text/x-c) in CBT.V508.FILE559.PDS, moved to PDS/PRVINIT
2025-04-04 11:46:30.098688 - Found PRVSEAR.txt (text/plain) in CBT.V508.FILE559.PDS, moved to PDS/PRVSEAR
2025-04-04 11:46:30.098820 - Found PRVSERV.txt (text/plain) in CBT.V508.FILE559.PDS, moved to PDS/PRVSERV
2025-04-04 11:46:30.098942 - Found PRVTERM.txt (text/plain) in CBT.V508.FILE559.PDS, moved to PDS/PRVTERM
2025-04-04 11:46:30.099081 - Found PTRARAY.c (text/x-c) in CBT.V508.FILE559.PDS, moved to PDS/PTRARAY
2025-04-04 11:46:30.099216 - Found PUREBRE.c (text/x-c) in CBT.V508.FILE559.PDS, moved to PDS/PUREBRE
2025-04-04 11:46:30.099349 - Found RDVSMSEQ.c (text/x-c) in CBT.V508.FILE559.PDS, moved to PDS/RDVSMSEQ
2025-04-04 11:46:30.099466 - Found READC.c (text/x-c) in CBT.V508.FILE559.PDS, moved to PDS/READC
2025-04-04 11:46:30.099578 - Found READDIR.c (text/x-c) in CBT.V508.FILE559.PDS, moved to PDS/READDIR
2025-04-04 11:46:30.099691 - Found REMOVE0A.c (text/x-c) in CBT.V508.FILE559.PDS, moved to PDS/REMOVE0A
2025-04-04 11:46:30.099819 - Found RENDIR.c (text/x-c) in CBT.V508.FILE559.PDS, moved to PDS/RENDIR
2025-04-04 11:46:30.099961 - Found RENGREG.c (text/x-c) in CBT.V508.FILE559.PDS, moved to PDS/RENGREG
2025-04-04 11:46:30.100121 - Found RUNTESTS.c (text/x-c) in CBT.V508.FILE559.PDS, moved to PDS/RUNTESTS
2025-04-04 11:46:30.100264 - Found SCR.txt (text/plain) in CBT.V508.FILE559.PDS, moved to PDS/SCR
2025-04-04 11:46:30.100405 - Found SCRGEN.c (text/x-c) in CBT.V508.FILE559.PDS, moved to PDS/SCRGEN
2025-04-04 11:46:30.100551 - Found SCRNEDIT.c (text/x-c) in CBT.V508.FILE559.PDS, moved to PDS/SCRNEDIT
2025-04-04 11:46:30.100707 - Found SCRNEDT1.c (text/x-c) in CBT.V508.FILE559.PDS, moved to PDS/SCRNEDT1
2025-04-04 11:46:30.100879 - Found SETDIARY.txt (text/plain) in CBT.V508.FILE559.PDS, moved to PDS/SETDIARY
2025-04-04 11:46:30.101075 - Found SETMODE.c (text/x-c) in CBT.V508.FILE559.PDS, moved to PDS/SETMODE
2025-04-04 11:46:30.101260 - Found SHFTRITE.c (text/x-c) in CBT.V508.FILE559.PDS, moved to PDS/SHFTRITE
2025-04-04 11:46:30.101422 - Found SKELETON.c (text/x-c) in CBT.V508.FILE559.PDS, moved to PDS/SKELETON
2025-04-04 11:46:30.101586 - Found SMLINT.bin (application/octet-stream) in CBT.V508.FILE559.PDS, moved to PDS/SMLINT
2025-04-04 11:46:30.101715 - Found SORT.txt (text/plain) in CBT.V508.FILE559.PDS, moved to PDS/SORT
2025-04-04 11:46:30.101847 - Found SORTNUM.c (text/x-c) in CBT.V508.FILE559.PDS, moved to PDS/SORTNUM
2025-04-04 11:46:30.102013 - Found SORTSTR.c (text/x-c) in CBT.V508.FILE559.PDS, moved to PDS/SORTSTR
2025-04-04 11:46:30.102154 - Found SPAWN.c (text/x-c) in CBT.V508.FILE559.PDS, moved to PDS/SPAWN
2025-04-04 11:46:30.102278 - Found SPAWNFAM.c (text/x-c) in CBT.V508.FILE559.PDS, moved to PDS/SPAWNFAM
2025-04-04 11:46:30.102417 - Found SPLIT4.c (text/x-c) in CBT.V508.FILE559.PDS, moved to PDS/SPLIT4
2025-04-04 11:46:30.102555 - Found STAT.txt (text/plain) in CBT.V508.FILE559.PDS, moved to PDS/STAT
2025-04-04 11:46:30.102704 - Found STMENU2.txt (text/plain) in CBT.V508.FILE559.PDS, moved to PDS/STMENU2
2025-04-04 11:46:30.102853 - Found STRGINS.c (text/x-c) in CBT.V508.FILE559.PDS, moved to PDS/STRGINS
2025-04-04 11:46:30.103019 - Found STRPUTS.c (text/x-c) in CBT.V508.FILE559.PDS, moved to PDS/STRPUTS
2025-04-04 11:46:30.103259 - Found SUBRUPDT.c (text/x-c) in CBT.V508.FILE559.PDS, moved to PDS/SUBRUPDT
2025-04-04 11:46:30.103400 - Found TABTOSP.txt (text/plain) in CBT.V508.FILE559.PDS, moved to PDS/TABTOSP
2025-04-04 11:46:30.103565 - Found TESTBOX.c (text/x-c) in CBT.V508.FILE559.PDS, moved to PDS/TESTBOX
2025-04-04 11:46:30.103773 - Found TESTFILE.c (text/x-c) in CBT.V508.FILE559.PDS, moved to PDS/TESTFILE
2025-04-04 11:46:30.103953 - Found TESTHEX.c (text/x-c) in CBT.V508.FILE559.PDS, moved to PDS/TESTHEX
2025-04-04 11:46:30.104111 - Found TESTSCR.c (text/x-c) in CBT.V508.FILE559.PDS, moved to PDS/TESTSCR
2025-04-04 11:46:30.104291 - Found TIMEOUT.c (text/x-c) in CBT.V508.FILE559.PDS, moved to PDS/TIMEOUT
2025-04-04 11:46:30.104453 - Found TRYEDIT.c (text/x-c) in CBT.V508.FILE559.PDS, moved to PDS/TRYEDIT
2025-04-04 11:46:30.104578 - Found TRYFMOD.c (text/x-c) in CBT.V508.FILE559.PDS, moved to PDS/TRYFMOD
2025-04-04 11:46:30.104717 - Found TWINKLE.c (text/x-c) in CBT.V508.FILE559.PDS, moved to PDS/TWINKLE
2025-04-04 11:46:30.104870 - Found TXSTK.bin (application/octet-stream) in CBT.V508.FILE559.PDS, moved to PDS/TXSTK
2025-04-04 11:46:30.105038 - Found TXSTK2.bin (application/octet-stream) in CBT.V508.FILE559.PDS, moved to PDS/TXSTK2
2025-04-04 11:46:30.105575 - Found TYPE2.c (text/x-c) in CBT.V508.FILE559.PDS, moved to PDS/TYPE2
2025-04-04 11:46:30.105743 - Found TZBIGLTR.c (text/x-c) in CBT.V508.FILE559.PDS, moved to PDS/TZBIGLTR
2025-04-04 11:46:30.105895 - Found UNUCASE.c (text/x-c) in CBT.V508.FILE559.PDS, moved to PDS/UNUCASE
2025-04-04 11:46:30.106049 - Found UPPRCASE.c (text/x-c) in CBT.V508.FILE559.PDS, moved to PDS/UPPRCASE
2025-04-04 11:46:30.106199 - Found VALUES.c (text/x-c) in CBT.V508.FILE559.PDS, moved to PDS/VALUES
2025-04-04 11:46:30.106333 - Found VENUS.c (text/x-c) in CBT.V508.FILE559.PDS, moved to PDS/VENUS
2025-04-04 11:46:30.106470 - Found VOICEMOD.c (text/x-c) in CBT.V508.FILE559.PDS, moved to PDS/VOICEMOD
2025-04-04 11:46:30.106637 - Found VSAMCALC.c (text/x-c) in CBT.V508.FILE559.PDS, moved to PDS/VSAMCALC
2025-04-04 11:46:30.106793 - Found WAYNE.c (text/x-c) in CBT.V508.FILE559.PDS, moved to PDS/WAYNE
2025-04-04 11:46:30.106929 - Found WINDOW1.c (text/x-c) in CBT.V508.FILE559.PDS, moved to PDS/WINDOW1
2025-04-04 11:46:30.107093 - Found WINTEST.txt (text/plain) in CBT.V508.FILE559.PDS, moved to PDS/WINTEST
2025-04-04 11:46:30.107232 - Found WLOOP.c (text/x-c) in CBT.V508.FILE559.PDS, moved to PDS/WLOOP
2025-04-04 11:46:30.107504 - Found WORDCNTF.c (text/x-c) in CBT.V508.FILE559.PDS, moved to PDS/WORDCNTF
2025-04-04 11:46:30.107691 - Found WPRINTF.txt (text/plain) in CBT.V508.FILE559.PDS, moved to PDS/WPRINTF
2025-04-04 11:46:30.107854 - Found WRITE.c (text/x-c) in CBT.V508.FILE559.PDS, moved to PDS/WRITE
2025-04-04 11:46:30.108006 - Found WRITEC.c (text/x-c) in CBT.V508.FILE559.PDS, moved to PDS/WRITEC
2025-04-04 11:46:30.108181 - Found WRTBLOCK.txt (text/plain) in CBT.V508.FILE559.PDS, moved to PDS/WRTBLOCK
2025-04-04 11:46:30.108336 - Found WSEARCH.txt (text/plain) in CBT.V508.FILE559.PDS, moved to PDS/WSEARCH
2025-04-04 11:46:30.108477 - Found ZERO3.c (text/x-c) in CBT.V508.FILE559.PDS, moved to PDS/ZERO3
